<?xml version="1.0" encoding="UTF-8"?>
<coverage generated="1776610225737" clover="3.2.0">
  <project timestamp="1776610225737" name="All files">
    <metrics statements="216" coveredstatements="215" conditionals="75" coveredconditionals="72" methods="13" coveredmethods="13" elements="304" coveredelements="300" complexity="0" loc="216" ncloc="216" packages="1" files="1" classes="1"/>
    <file name="attachment-syntax.ts" path="/Users/redhale/src/pearl/packages/shared/src/attachment-syntax.ts">
      <metrics statements="216" coveredstatements="215" conditionals="75" coveredconditionals="72" methods="13" coveredmethods="13"/>
      <line num="7" count="1" type="cond" truecount="1" falsecount="0"/>
      <line num="8" count="3" type="cond" truecount="1" falsecount="0"/>
      <line num="9" count="2" type="stmt"/>
      <line num="10" count="2" type="cond" truecount="1" falsecount="0"/>
      <line num="11" count="1" type="stmt"/>
      <line num="12" count="1" type="stmt"/>
      <line num="14" count="1" type="cond" truecount="1" falsecount="0"/>
      <line num="15" count="11" type="stmt"/>
      <line num="16" count="11" type="stmt"/>
      <line num="52" count="1" type="stmt"/>
      <line num="53" count="1" type="stmt"/>
      <line num="54" count="1" type="stmt"/>
      <line num="55" count="1" type="stmt"/>
      <line num="56" count="1" type="stmt"/>
      <line num="57" count="1" type="stmt"/>
      <line num="58" count="1" type="stmt"/>
      <line num="62" count="1" type="cond" truecount="1" falsecount="0"/>
      <line num="63" count="141" type="stmt"/>
      <line num="64" count="141" type="stmt"/>
      <line num="65" count="141" type="cond" truecount="1" falsecount="0"/>
      <line num="66" count="283" type="stmt"/>
      <line num="67" count="283" type="stmt"/>
      <line num="68" count="283" type="stmt"/>
      <line num="69" count="283" type="stmt"/>
      <line num="70" count="283" type="stmt"/>
      <line num="71" count="283" type="stmt"/>
      <line num="72" count="141" type="stmt"/>
      <line num="73" count="141" type="stmt"/>
      <line num="79" count="306" type="cond" truecount="1" falsecount="0"/>
      <line num="80" count="306" type="stmt"/>
      <line num="81" count="306" type="stmt"/>
      <line num="82" count="306" type="stmt"/>
      <line num="83" count="306" type="stmt"/>
      <line num="84" count="306" type="cond" truecount="1" falsecount="0"/>
      <line num="85" count="3" type="stmt"/>
      <line num="86" count="3" type="cond" truecount="1" falsecount="0"/>
      <line num="88" count="303" type="stmt"/>
      <line num="89" count="306" type="cond" truecount="1" falsecount="0"/>
      <line num="90" count="1167" type="stmt"/>
      <line num="91" count="1167" type="cond" truecount="0" falsecount="1"/>
      <line num="92" count="1167" type="stmt"/>
      <line num="93" count="1167" type="stmt"/>
      <line num="94" count="1167" type="stmt"/>
      <line num="95" count="1167" type="cond" truecount="1" falsecount="0"/>
      <line num="97" count="303" type="stmt"/>
      <line num="98" count="303" type="stmt"/>
      <line num="100" count="306" type="cond" truecount="2" falsecount="0"/>
      <line num="101" count="306" type="cond" truecount="2" falsecount="0"/>
      <line num="102" count="306" type="cond" truecount="2" falsecount="0"/>
      <line num="104" count="306" type="cond" truecount="1" falsecount="0"/>
      <line num="105" count="160" type="stmt"/>
      <line num="106" count="160" type="cond" truecount="2" falsecount="0"/>
      <line num="107" count="157" type="stmt"/>
      <line num="108" count="157" type="cond" truecount="1" falsecount="0"/>
      <line num="110" count="306" type="cond" truecount="1" falsecount="0"/>
      <line num="111" count="135" type="stmt"/>
      <line num="112" count="135" type="stmt"/>
      <line num="113" count="135" type="stmt"/>
      <line num="114" count="135" type="cond" truecount="2" falsecount="0"/>
      <line num="115" count="134" type="stmt"/>
      <line num="116" count="135" type="cond" truecount="2" falsecount="0"/>
      <line num="117" count="135" type="cond" truecount="2" falsecount="0"/>
      <line num="118" count="132" type="stmt"/>
      <line num="119" count="135" type="cond" truecount="2" falsecount="0"/>
      <line num="120" count="131" type="stmt"/>
      <line num="121" count="135" type="cond" truecount="2" falsecount="0"/>
      <line num="122" count="129" type="stmt"/>
      <line num="123" count="135" type="cond" truecount="2" falsecount="0"/>
      <line num="124" count="127" type="stmt"/>
      <line num="125" count="127" type="stmt"/>
      <line num="126" count="127" type="stmt"/>
      <line num="127" count="127" type="stmt"/>
      <line num="128" count="127" type="stmt"/>
      <line num="129" count="127" type="stmt"/>
      <line num="130" count="127" type="stmt"/>
      <line num="131" count="127" type="stmt"/>
      <line num="132" count="127" type="stmt"/>
      <line num="133" count="127" type="stmt"/>
      <line num="134" count="127" type="stmt"/>
      <line num="135" count="127" type="cond" truecount="1" falsecount="0"/>
      <line num="137" count="2" type="stmt"/>
      <line num="138" count="2" type="stmt"/>
      <line num="144" count="140" type="cond" truecount="1" falsecount="0"/>
      <line num="145" count="140" type="stmt"/>
      <line num="146" count="140" type="stmt"/>
      <line num="147" count="140" type="stmt"/>
      <line num="148" count="140" type="cond" truecount="1" falsecount="0"/>
      <line num="149" count="306" type="stmt"/>
      <line num="150" count="306" type="stmt"/>
      <line num="151" count="306" type="stmt"/>
      <line num="152" count="306" type="stmt"/>
      <line num="153" count="306" type="stmt"/>
      <line num="154" count="306" type="cond" truecount="1" falsecount="0"/>
      <line num="155" count="306" type="cond" truecount="1" falsecount="0"/>
      <line num="156" count="306" type="stmt"/>
      <line num="157" count="306" type="cond" truecount="1" falsecount="0"/>
      <line num="158" count="284" type="stmt"/>
      <line num="159" count="306" type="cond" truecount="1" falsecount="0"/>
      <line num="160" count="22" type="stmt"/>
      <line num="161" count="22" type="stmt"/>
      <line num="162" count="306" type="stmt"/>
      <line num="163" count="140" type="stmt"/>
      <line num="164" count="140" type="stmt"/>
      <line num="166" count="1" type="cond" truecount="1" falsecount="0"/>
      <line num="167" count="13" type="stmt"/>
      <line num="168" count="13" type="stmt"/>
      <line num="169" count="13" type="cond" truecount="1" falsecount="0"/>
      <line num="170" count="13" type="cond" truecount="1" falsecount="0"/>
      <line num="171" count="13" type="stmt"/>
      <line num="173" count="136" type="cond" truecount="1" falsecount="0"/>
      <line num="174" count="136" type="stmt"/>
      <line num="175" count="136" type="stmt"/>
      <line num="176" count="136" type="cond" truecount="1" falsecount="0"/>
      <line num="177" count="4" type="stmt"/>
      <line num="178" count="4" type="cond" truecount="1" falsecount="0"/>
      <line num="179" count="132" type="stmt"/>
      <line num="180" count="136" type="cond" truecount="2" falsecount="0"/>
      <line num="181" count="123" type="stmt"/>
      <line num="182" count="123" type="stmt"/>
      <line num="183" count="123" type="stmt"/>
      <line num="184" count="123" type="stmt"/>
      <line num="185" count="123" type="stmt"/>
      <line num="187" count="1" type="cond" truecount="1" falsecount="0"/>
      <line num="188" count="136" type="stmt"/>
      <line num="189" count="136" type="stmt"/>
      <line num="190" count="136" type="stmt"/>
      <line num="192" count="136" type="stmt"/>
      <line num="193" count="136" type="stmt"/>
      <line num="195" count="136" type="cond" truecount="1" falsecount="0"/>
      <line num="196" count="127" type="stmt"/>
      <line num="197" count="127" type="cond" truecount="1" falsecount="0"/>
      <line num="198" count="292" type="cond" truecount="1" falsecount="0"/>
      <line num="199" count="278" type="stmt"/>
      <line num="200" count="292" type="cond" truecount="1" falsecount="0"/>
      <line num="201" count="14" type="stmt"/>
      <line num="202" count="14" type="stmt"/>
      <line num="203" count="292" type="stmt"/>
      <line num="204" count="136" type="cond" truecount="1" falsecount="0"/>
      <line num="206" count="9" type="stmt"/>
      <line num="207" count="9" type="stmt"/>
      <line num="209" count="9" type="cond" truecount="1" falsecount="0"/>
      <line num="211" count="1" type="stmt"/>
      <line num="212" count="1" type="stmt"/>
      <line num="213" count="1" type="stmt"/>
      <line num="214" count="1" type="stmt"/>
      <line num="215" count="1" type="stmt"/>
      <line num="216" count="1" type="stmt"/>
      <line num="217" count="1" type="stmt"/>
      <line num="218" count="1" type="stmt"/>
      <line num="219" count="1" type="stmt"/>
      <line num="221" count="1" type="stmt"/>
      <line num="222" count="1" type="stmt"/>
      <line num="223" count="1" type="stmt"/>
      <line num="224" count="1" type="stmt"/>
      <line num="225" count="1" type="stmt"/>
      <line num="226" count="1" type="stmt"/>
      <line num="227" count="9" type="cond" truecount="1" falsecount="0"/>
      <line num="228" count="8" type="stmt"/>
      <line num="229" count="8" type="stmt"/>
      <line num="230" count="9" type="stmt"/>
      <line num="232" count="136" type="stmt"/>
      <line num="233" count="136" type="cond" truecount="1" falsecount="0"/>
      <line num="235" count="136" type="stmt"/>
      <line num="236" count="136" type="stmt"/>
      <line num="240" count="537" type="cond" truecount="1" falsecount="0"/>
      <line num="241" count="537" type="stmt"/>
      <line num="242" count="537" type="stmt"/>
      <line num="243" count="537" type="stmt"/>
      <line num="244" count="537" type="stmt"/>
      <line num="246" count="537" type="cond" truecount="1" falsecount="0"/>
      <line num="247" count="288" type="stmt"/>
      <line num="248" count="537" type="cond" truecount="1" falsecount="0"/>
      <line num="249" count="249" type="stmt"/>
      <line num="250" count="249" type="stmt"/>
      <line num="251" count="249" type="stmt"/>
      <line num="252" count="249" type="stmt"/>
      <line num="254" count="537" type="stmt"/>
      <line num="255" count="537" type="stmt"/>
      <line num="256" count="537" type="stmt"/>
      <line num="258" count="1" type="cond" truecount="1" falsecount="0"/>
      <line num="259" count="209" type="stmt"/>
      <line num="260" count="209" type="stmt"/>
      <line num="261" count="209" type="stmt"/>
      <line num="262" count="209" type="cond" truecount="2" falsecount="0"/>
      <line num="263" count="208" type="stmt"/>
      <line num="264" count="208" type="stmt"/>
      <line num="265" count="208" type="stmt"/>
      <line num="266" count="208" type="stmt"/>
      <line num="270" count="1" type="stmt"/>
      <line num="272" count="3" type="cond" truecount="1" falsecount="0"/>
      <line num="273" count="3" type="cond" truecount="0" falsecount="1"/>
      <line num="274" count="3" type="stmt"/>
      <line num="275" count="3" type="cond" truecount="0" falsecount="1"/>
      <line num="303" count="0" type="stmt"/>
      <line num="307" count="1" type="stmt"/>
      <line num="308" count="1" type="stmt"/>
      <line num="310" count="1" type="cond" truecount="1" falsecount="0"/>
      <line num="311" count="8" type="cond" truecount="1" falsecount="0"/>
      <line num="312" count="8" type="stmt"/>
      <line num="316" count="1" type="cond" truecount="1" falsecount="0"/>
      <line num="317" count="6" type="stmt"/>
      <line num="318" count="6" type="stmt"/>
      <line num="320" count="6" type="cond" truecount="1" falsecount="0"/>
      <line num="321" count="11" type="stmt"/>
      <line num="322" count="11" type="cond" truecount="1" falsecount="0"/>
      <line num="323" count="11" type="stmt"/>
      <line num="325" count="11" type="cond" truecount="1" falsecount="0"/>
      <line num="326" count="6" type="stmt"/>
      <line num="327" count="11" type="cond" truecount="1" falsecount="0"/>
      <line num="328" count="5" type="stmt"/>
      <line num="329" count="5" type="stmt"/>
      <line num="330" count="5" type="stmt"/>
      <line num="331" count="5" type="stmt"/>
      <line num="332" count="11" type="stmt"/>
      <line num="334" count="6" type="stmt"/>
      <line num="335" count="6" type="stmt"/>
    </file>
  </project>
</coverage>
