{"/Users/redhale/src/pearl/packages/shared/src/attachment-syntax.ts": {"path":"/Users/redhale/src/pearl/packages/shared/src/attachment-syntax.ts","all":false,"statementMap":{"6":{"start":{"line":7,"column":0},"end":{"line":7,"column":45}},"7":{"start":{"line":8,"column":0},"end":{"line":8,"column":20}},"8":{"start":{"line":9,"column":0},"end":{"line":9,"column":82}},"9":{"start":{"line":10,"column":0},"end":{"line":10,"column":3}},"10":{"start":{"line":11,"column":0},"end":{"line":11,"column":13}},"11":{"start":{"line":12,"column":0},"end":{"line":12,"column":1}},"13":{"start":{"line":14,"column":0},"end":{"line":14,"column":52}},"14":{"start":{"line":15,"column":0},"end":{"line":15,"column":38}},"15":{"start":{"line":16,"column":0},"end":{"line":16,"column":1}},"51":{"start":{"line":52,"column":0},"end":{"line":52,"column":49}},"52":{"start":{"line":53,"column":0},"end":{"line":53,"column":23}},"53":{"start":{"line":54,"column":0},"end":{"line":54,"column":77}},"54":{"start":{"line":55,"column":0},"end":{"line":55,"column":50}},"55":{"start":{"line":56,"column":0},"end":{"line":56,"column":44}},"56":{"start":{"line":57,"column":0},"end":{"line":57,"column":40}},"57":{"start":{"line":58,"column":0},"end":{"line":58,"column":58}},"61":{"start":{"line":62,"column":0},"end":{"line":62,"column":61}},"62":{"start":{"line":63,"column":0},"end":{"line":63,"column":36}},"63":{"start":{"line":64,"column":0},"end":{"line":64,"column":48}},"64":{"start":{"line":65,"column":0},"end":{"line":65,"column":45}},"65":{"start":{"line":66,"column":0},"end":{"line":66,"column":16}},"66":{"start":{"line":67,"column":0},"end":{"line":67,"column":27}},"67":{"start":{"line":68,"column":0},"end":{"line":68,"column":25}},"68":{"start":{"line":69,"column":0},"end":{"line":69,"column":41}},"69":{"start":{"line":70,"column":0},"end":{"line":70,"column":7}},"70":{"start":{"line":71,"column":0},"end":{"line":71,"column":3}},"71":{"start":{"line":72,"column":0},"end":{"line":72,"column":15}},"72":{"start":{"line":73,"column":0},"end":{"line":73,"column":1}},"78":{"start":{"line":79,"column":0},"end":{"line":79,"column":24}},"79":{"start":{"line":80,"column":0},"end":{"line":80,"column":18}},"80":{"start":{"line":81,"column":0},"end":{"line":81,"column":11}},"81":{"start":{"line":82,"column":0},"end":{"line":82,"column":22}},"82":{"start":{"line":83,"column":0},"end":{"line":83,"column":21}},"83":{"start":{"line":84,"column":0},"end":{"line":84,"column":41}},"84":{"start":{"line":85,"column":0},"end":{"line":85,"column":68}},"85":{"start":{"line":86,"column":0},"end":{"line":86,"column":3}},"87":{"start":{"line":88,"column":0},"end":{"line":88,"column":43}},"88":{"start":{"line":89,"column":0},"end":{"line":89,"column":33}},"89":{"start":{"line":90,"column":0},"end":{"line":90,"column":39}},"90":{"start":{"line":91,"column":0},"end":{"line":91,"column":34}},"91":{"start":{"line":92,"column":0},"end":{"line":92,"column":47}},"92":{"start":{"line":93,"column":0},"end":{"line":93,"column":50}},"93":{"start":{"line":94,"column":0},"end":{"line":94,"column":45}},"94":{"start":{"line":95,"column":0},"end":{"line":95,"column":3}},"96":{"start":{"line":97,"column":0},"end":{"line":97,"column":34}},"97":{"start":{"line":98,"column":0},"end":{"line":98,"column":34}},"99":{"start":{"line":100,"column":0},"end":{"line":100,"column":64}},"100":{"start":{"line":101,"column":0},"end":{"line":101,"column":64}},"101":{"start":{"line":102,"column":0},"end":{"line":102,"column":86}},"103":{"start":{"line":104,"column":0},"end":{"line":104,"column":26}},"104":{"start":{"line":105,"column":0},"end":{"line":105,"column":36}},"105":{"start":{"line":106,"column":0},"end":{"line":106,"column":79}},"106":{"start":{"line":107,"column":0},"end":{"line":107,"column":68}},"107":{"start":{"line":108,"column":0},"end":{"line":108,"column":3}},"109":{"start":{"line":110,"column":0},"end":{"line":110,"column":25}},"110":{"start":{"line":111,"column":0},"end":{"line":111,"column":38}},"111":{"start":{"line":112,"column":0},"end":{"line":112,"column":36}},"112":{"start":{"line":113,"column":0},"end":{"line":113,"column":40}},"113":{"start":{"line":114,"column":0},"end":{"line":114,"column":80}},"114":{"start":{"line":115,"column":0},"end":{"line":115,"column":33}},"115":{"start":{"line":116,"column":0},"end":{"line":116,"column":62}},"116":{"start":{"line":117,"column":0},"end":{"line":117,"column":78}},"117":{"start":{"line":118,"column":0},"end":{"line":118,"column":16}},"118":{"start":{"line":119,"column":0},"end":{"line":119,"column":71}},"119":{"start":{"line":120,"column":0},"end":{"line":120,"column":37}},"120":{"start":{"line":121,"column":0},"end":{"line":121,"column":64}},"121":{"start":{"line":122,"column":0},"end":{"line":122,"column":42}},"122":{"start":{"line":123,"column":0},"end":{"line":123,"column":71}},"123":{"start":{"line":124,"column":0},"end":{"line":124,"column":12}},"124":{"start":{"line":125,"column":0},"end":{"line":125,"column":15}},"125":{"start":{"line":126,"column":0},"end":{"line":126,"column":14}},"126":{"start":{"line":127,"column":0},"end":{"line":127,"column":22}},"127":{"start":{"line":128,"column":0},"end":{"line":128,"column":12}},"128":{"start":{"line":129,"column":0},"end":{"line":129,"column":13}},"129":{"start":{"line":130,"column":0},"end":{"line":130,"column":43}},"130":{"start":{"line":131,"column":0},"end":{"line":131,"column":13}},"131":{"start":{"line":132,"column":0},"end":{"line":132,"column":15}},"132":{"start":{"line":133,"column":0},"end":{"line":133,"column":8}},"133":{"start":{"line":134,"column":0},"end":{"line":134,"column":6}},"134":{"start":{"line":135,"column":0},"end":{"line":135,"column":3}},"136":{"start":{"line":137,"column":0},"end":{"line":137,"column":62}},"137":{"start":{"line":138,"column":0},"end":{"line":138,"column":1}},"143":{"start":{"line":144,"column":0},"end":{"line":144,"column":72}},"144":{"start":{"line":145,"column":0},"end":{"line":145,"column":45}},"145":{"start":{"line":146,"column":0},"end":{"line":146,"column":49}},"146":{"start":{"line":147,"column":0},"end":{"line":147,"column":36}},"147":{"start":{"line":148,"column":0},"end":{"line":148,"column":47}},"148":{"start":{"line":149,"column":0},"end":{"line":149,"column":29}},"149":{"start":{"line":150,"column":0},"end":{"line":150,"column":32}},"150":{"start":{"line":151,"column":0},"end":{"line":151,"column":26}},"151":{"start":{"line":152,"column":0},"end":{"line":152,"column":26}},"152":{"start":{"line":153,"column":0},"end":{"line":153,"column":18}},"153":{"start":{"line":154,"column":0},"end":{"line":154,"column":27}},"154":{"start":{"line":155,"column":0},"end":{"line":155,"column":35}},"155":{"start":{"line":156,"column":0},"end":{"line":156,"column":59}},"156":{"start":{"line":157,"column":0},"end":{"line":157,"column":20}},"157":{"start":{"line":158,"column":0},"end":{"line":158,"column":54}},"158":{"start":{"line":159,"column":0},"end":{"line":159,"column":12}},"159":{"start":{"line":160,"column":0},"end":{"line":160,"column":62}},"160":{"start":{"line":161,"column":0},"end":{"line":161,"column":5}},"161":{"start":{"line":162,"column":0},"end":{"line":162,"column":3}},"162":{"start":{"line":163,"column":0},"end":{"line":163,"column":17}},"163":{"start":{"line":164,"column":0},"end":{"line":164,"column":1}},"165":{"start":{"line":166,"column":0},"end":{"line":166,"column":64}},"166":{"start":{"line":167,"column":0},"end":{"line":167,"column":49}},"167":{"start":{"line":168,"column":0},"end":{"line":168,"column":44}},"168":{"start":{"line":169,"column":0},"end":{"line":169,"column":67}},"169":{"start":{"line":170,"column":0},"end":{"line":170,"column":25}},"170":{"start":{"line":171,"column":0},"end":{"line":171,"column":1}},"172":{"start":{"line":173,"column":0},"end":{"line":173,"column":31}},"173":{"start":{"line":174,"column":0},"end":{"line":174,"column":15}},"174":{"start":{"line":175,"column":0},"end":{"line":175,"column":47}},"175":{"start":{"line":176,"column":0},"end":{"line":176,"column":47}},"176":{"start":{"line":177,"column":0},"end":{"line":177,"column":41}},"177":{"start":{"line":178,"column":0},"end":{"line":178,"column":3}},"178":{"start":{"line":179,"column":0},"end":{"line":179,"column":68}},"179":{"start":{"line":180,"column":0},"end":{"line":180,"column":40}},"180":{"start":{"line":181,"column":0},"end":{"line":181,"column":10}},"181":{"start":{"line":182,"column":0},"end":{"line":182,"column":40}},"182":{"start":{"line":183,"column":0},"end":{"line":183,"column":40}},"183":{"start":{"line":184,"column":0},"end":{"line":184,"column":4}},"184":{"start":{"line":185,"column":0},"end":{"line":185,"column":1}},"186":{"start":{"line":187,"column":0},"end":{"line":187,"column":55}},"187":{"start":{"line":188,"column":0},"end":{"line":188,"column":49}},"188":{"start":{"line":189,"column":0},"end":{"line":189,"column":57}},"189":{"start":{"line":190,"column":0},"end":{"line":190,"column":49}},"191":{"start":{"line":192,"column":0},"end":{"line":192,"column":50}},"192":{"start":{"line":193,"column":0},"end":{"line":193,"column":20}},"194":{"start":{"line":195,"column":0},"end":{"line":195,"column":14}},"195":{"start":{"line":196,"column":0},"end":{"line":196,"column":24}},"196":{"start":{"line":197,"column":0},"end":{"line":197,"column":67}},"197":{"start":{"line":198,"column":0},"end":{"line":198,"column":22}},"198":{"start":{"line":199,"column":0},"end":{"line":199,"column":51}},"199":{"start":{"line":200,"column":0},"end":{"line":200,"column":14}},"200":{"start":{"line":201,"column":0},"end":{"line":201,"column":64}},"201":{"start":{"line":202,"column":0},"end":{"line":202,"column":7}},"202":{"start":{"line":203,"column":0},"end":{"line":203,"column":5}},"203":{"start":{"line":204,"column":0},"end":{"line":204,"column":10}},"205":{"start":{"line":206,"column":0},"end":{"line":206,"column":56}},"206":{"start":{"line":207,"column":0},"end":{"line":207,"column":50}},"208":{"start":{"line":209,"column":0},"end":{"line":209,"column":20}},"210":{"start":{"line":211,"column":0},"end":{"line":211,"column":53}},"211":{"start":{"line":212,"column":0},"end":{"line":212,"column":40}},"212":{"start":{"line":213,"column":0},"end":{"line":213,"column":57}},"213":{"start":{"line":214,"column":0},"end":{"line":214,"column":36}},"214":{"start":{"line":215,"column":0},"end":{"line":215,"column":21}},"215":{"start":{"line":216,"column":0},"end":{"line":216,"column":14}},"216":{"start":{"line":217,"column":0},"end":{"line":217,"column":74}},"217":{"start":{"line":218,"column":0},"end":{"line":218,"column":11}},"218":{"start":{"line":219,"column":0},"end":{"line":219,"column":7}},"220":{"start":{"line":221,"column":0},"end":{"line":221,"column":24}},"221":{"start":{"line":222,"column":0},"end":{"line":222,"column":17}},"222":{"start":{"line":223,"column":0},"end":{"line":223,"column":77}},"223":{"start":{"line":224,"column":0},"end":{"line":224,"column":13}},"224":{"start":{"line":225,"column":0},"end":{"line":225,"column":9}},"225":{"start":{"line":226,"column":0},"end":{"line":226,"column":19}},"226":{"start":{"line":227,"column":0},"end":{"line":227,"column":12}},"227":{"start":{"line":228,"column":0},"end":{"line":228,"column":25}},"228":{"start":{"line":229,"column":0},"end":{"line":229,"column":5}},"229":{"start":{"line":230,"column":0},"end":{"line":230,"column":3}},"231":{"start":{"line":232,"column":0},"end":{"line":232,"column":36}},"232":{"start":{"line":233,"column":0},"end":{"line":233,"column":46}},"234":{"start":{"line":235,"column":0},"end":{"line":235,"column":48}},"235":{"start":{"line":236,"column":0},"end":{"line":236,"column":1}},"239":{"start":{"line":240,"column":0},"end":{"line":240,"column":57}},"240":{"start":{"line":241,"column":0},"end":{"line":241,"column":29}},"241":{"start":{"line":242,"column":0},"end":{"line":242,"column":54}},"242":{"start":{"line":243,"column":0},"end":{"line":243,"column":36}},"243":{"start":{"line":244,"column":0},"end":{"line":244,"column":36}},"245":{"start":{"line":246,"column":0},"end":{"line":246,"column":32}},"246":{"start":{"line":247,"column":0},"end":{"line":247,"column":38}},"247":{"start":{"line":248,"column":0},"end":{"line":248,"column":10}},"248":{"start":{"line":249,"column":0},"end":{"line":249,"column":40}},"249":{"start":{"line":250,"column":0},"end":{"line":250,"column":38}},"250":{"start":{"line":251,"column":0},"end":{"line":251,"column":42}},"251":{"start":{"line":252,"column":0},"end":{"line":252,"column":3}},"253":{"start":{"line":254,"column":0},"end":{"line":254,"column":20}},"254":{"start":{"line":255,"column":0},"end":{"line":255,"column":26}},"255":{"start":{"line":256,"column":0},"end":{"line":256,"column":1}},"257":{"start":{"line":258,"column":0},"end":{"line":258,"column":31}},"258":{"start":{"line":259,"column":0},"end":{"line":259,"column":16}},"259":{"start":{"line":260,"column":0},"end":{"line":260,"column":28}},"260":{"start":{"line":261,"column":0},"end":{"line":261,"column":11}},"261":{"start":{"line":262,"column":0},"end":{"line":262,"column":40}},"262":{"start":{"line":263,"column":0},"end":{"line":263,"column":48}},"263":{"start":{"line":264,"column":0},"end":{"line":264,"column":49}},"264":{"start":{"line":265,"column":0},"end":{"line":265,"column":57}},"265":{"start":{"line":266,"column":0},"end":{"line":266,"column":1}},"269":{"start":{"line":270,"column":0},"end":{"line":270,"column":36}},"271":{"start":{"line":272,"column":0},"end":{"line":272,"column":75}},"272":{"start":{"line":273,"column":0},"end":{"line":273,"column":72}},"273":{"start":{"line":274,"column":0},"end":{"line":274,"column":28}},"274":{"start":{"line":275,"column":0},"end":{"line":275,"column":3}},"302":{"start":{"line":303,"column":0},"end":{"line":303,"column":1}},"306":{"start":{"line":307,"column":0},"end":{"line":307,"column":45}},"307":{"start":{"line":308,"column":0},"end":{"line":308,"column":50}},"309":{"start":{"line":310,"column":0},"end":{"line":310,"column":60}},"310":{"start":{"line":311,"column":0},"end":{"line":311,"column":63}},"311":{"start":{"line":312,"column":0},"end":{"line":312,"column":1}},"315":{"start":{"line":316,"column":0},"end":{"line":316,"column":80}},"316":{"start":{"line":317,"column":0},"end":{"line":317,"column":41}},"317":{"start":{"line":318,"column":0},"end":{"line":318,"column":39}},"319":{"start":{"line":320,"column":0},"end":{"line":320,"column":31}},"320":{"start":{"line":321,"column":0},"end":{"line":321,"column":40}},"321":{"start":{"line":322,"column":0},"end":{"line":322,"column":41}},"322":{"start":{"line":323,"column":0},"end":{"line":323,"column":33}},"324":{"start":{"line":325,"column":0},"end":{"line":325,"column":22}},"325":{"start":{"line":326,"column":0},"end":{"line":326,"column":25}},"326":{"start":{"line":327,"column":0},"end":{"line":327,"column":12}},"327":{"start":{"line":328,"column":0},"end":{"line":328,"column":57}},"328":{"start":{"line":329,"column":0},"end":{"line":329,"column":60}},"329":{"start":{"line":330,"column":0},"end":{"line":330,"column":45}},"330":{"start":{"line":331,"column":0},"end":{"line":331,"column":5}},"331":{"start":{"line":332,"column":0},"end":{"line":332,"column":3}},"333":{"start":{"line":334,"column":0},"end":{"line":334,"column":16}},"334":{"start":{"line":335,"column":0},"end":{"line":335,"column":1}}},"s":{"6":1,"7":3,"8":2,"9":2,"10":1,"11":1,"13":1,"14":11,"15":11,"51":1,"52":1,"53":1,"54":1,"55":1,"56":1,"57":1,"61":1,"62":141,"63":141,"64":141,"65":283,"66":283,"67":283,"68":283,"69":283,"70":283,"71":141,"72":141,"78":306,"79":306,"80":306,"81":306,"82":306,"83":306,"84":3,"85":3,"87":303,"88":306,"89":1167,"90":1167,"91":1167,"92":1167,"93":1167,"94":1167,"96":303,"97":303,"99":306,"100":306,"101":306,"103":306,"104":160,"105":160,"106":157,"107":157,"109":306,"110":135,"111":135,"112":135,"113":135,"114":134,"115":135,"116":135,"117":132,"118":135,"119":131,"120":135,"121":129,"122":135,"123":127,"124":127,"125":127,"126":127,"127":127,"128":127,"129":127,"130":127,"131":127,"132":127,"133":127,"134":127,"136":2,"137":2,"143":140,"144":140,"145":140,"146":140,"147":140,"148":306,"149":306,"150":306,"151":306,"152":306,"153":306,"154":306,"155":306,"156":306,"157":284,"158":306,"159":22,"160":22,"161":306,"162":140,"163":140,"165":1,"166":13,"167":13,"168":13,"169":13,"170":13,"172":136,"173":136,"174":136,"175":136,"176":4,"177":4,"178":132,"179":136,"180":123,"181":123,"182":123,"183":123,"184":123,"186":1,"187":136,"188":136,"189":136,"191":136,"192":136,"194":136,"195":127,"196":127,"197":292,"198":278,"199":292,"200":14,"201":14,"202":292,"203":136,"205":9,"206":9,"208":9,"210":1,"211":1,"212":1,"213":1,"214":1,"215":1,"216":1,"217":1,"218":1,"220":1,"221":1,"222":1,"223":1,"224":1,"225":1,"226":9,"227":8,"228":8,"229":9,"231":136,"232":136,"234":136,"235":136,"239":537,"240":537,"241":537,"242":537,"243":537,"245":537,"246":288,"247":537,"248":249,"249":249,"250":249,"251":249,"253":537,"254":537,"255":537,"257":1,"258":209,"259":209,"260":209,"261":209,"262":208,"263":208,"264":208,"265":208,"269":1,"271":3,"272":3,"273":3,"274":3,"302":0,"306":1,"307":1,"309":1,"310":8,"311":8,"315":1,"316":6,"317":6,"319":6,"320":11,"321":11,"322":11,"324":11,"325":6,"326":11,"327":5,"328":5,"329":5,"330":5,"331":11,"333":6,"334":6},"branchMap":{"0":{"type":"branch","line":7,"loc":{"start":{"line":7,"column":7},"end":{"line":12,"column":1}},"locations":[{"start":{"line":7,"column":7},"end":{"line":12,"column":1}}]},"1":{"type":"branch","line":8,"loc":{"start":{"line":8,"column":19},"end":{"line":10,"column":3}},"locations":[{"start":{"line":8,"column":19},"end":{"line":10,"column":3}}]},"2":{"type":"branch","line":10,"loc":{"start":{"line":10,"column":2},"end":{"line":12,"column":1}},"locations":[{"start":{"line":10,"column":2},"end":{"line":12,"column":1}}]},"3":{"type":"branch","line":14,"loc":{"start":{"line":14,"column":7},"end":{"line":16,"column":1}},"locations":[{"start":{"line":14,"column":7},"end":{"line":16,"column":1}}]},"4":{"type":"branch","line":62,"loc":{"start":{"line":62,"column":7},"end":{"line":73,"column":1}},"locations":[{"start":{"line":62,"column":7},"end":{"line":73,"column":1}}]},"5":{"type":"branch","line":65,"loc":{"start":{"line":65,"column":44},"end":{"line":71,"column":3}},"locations":[{"start":{"line":65,"column":44},"end":{"line":71,"column":3}}]},"6":{"type":"branch","line":79,"loc":{"start":{"line":79,"column":0},"end":{"line":138,"column":1}},"locations":[{"start":{"line":79,"column":0},"end":{"line":138,"column":1}}]},"7":{"type":"branch","line":84,"loc":{"start":{"line":84,"column":40},"end":{"line":86,"column":3}},"locations":[{"start":{"line":84,"column":40},"end":{"line":86,"column":3}}]},"8":{"type":"branch","line":86,"loc":{"start":{"line":86,"column":2},"end":{"line":89,"column":32}},"locations":[{"start":{"line":86,"column":2},"end":{"line":89,"column":32}}]},"9":{"type":"branch","line":89,"loc":{"start":{"line":89,"column":32},"end":{"line":95,"column":3}},"locations":[{"start":{"line":89,"column":32},"end":{"line":95,"column":3}}]},"10":{"type":"branch","line":91,"loc":{"start":{"line":91,"column":25},"end":{"line":91,"column":34}},"locations":[{"start":{"line":91,"column":25},"end":{"line":91,"column":34}}]},"11":{"type":"branch","line":95,"loc":{"start":{"line":95,"column":2},"end":{"line":100,"column":20}},"locations":[{"start":{"line":95,"column":2},"end":{"line":100,"column":20}}]},"12":{"type":"branch","line":100,"loc":{"start":{"line":100,"column":13},"end":{"line":100,"column":64}},"locations":[{"start":{"line":100,"column":13},"end":{"line":100,"column":64}}]},"13":{"type":"branch","line":100,"loc":{"start":{"line":100,"column":62},"end":{"line":101,"column":20}},"locations":[{"start":{"line":100,"column":62},"end":{"line":101,"column":20}}]},"14":{"type":"branch","line":101,"loc":{"start":{"line":101,"column":13},"end":{"line":101,"column":64}},"locations":[{"start":{"line":101,"column":13},"end":{"line":101,"column":64}}]},"15":{"type":"branch","line":101,"loc":{"start":{"line":101,"column":62},"end":{"line":102,"column":39}},"locations":[{"start":{"line":101,"column":62},"end":{"line":102,"column":39}}]},"16":{"type":"branch","line":102,"loc":{"start":{"line":102,"column":32},"end":{"line":102,"column":86}},"locations":[{"start":{"line":102,"column":32},"end":{"line":102,"column":86}}]},"17":{"type":"branch","line":102,"loc":{"start":{"line":102,"column":84},"end":{"line":104,"column":25}},"locations":[{"start":{"line":102,"column":84},"end":{"line":104,"column":25}}]},"18":{"type":"branch","line":104,"loc":{"start":{"line":104,"column":25},"end":{"line":108,"column":3}},"locations":[{"start":{"line":104,"column":25},"end":{"line":108,"column":3}}]},"19":{"type":"branch","line":106,"loc":{"start":{"line":106,"column":15},"end":{"line":106,"column":79}},"locations":[{"start":{"line":106,"column":15},"end":{"line":106,"column":79}}]},"20":{"type":"branch","line":106,"loc":{"start":{"line":106,"column":77},"end":{"line":108,"column":3}},"locations":[{"start":{"line":106,"column":77},"end":{"line":108,"column":3}}]},"21":{"type":"branch","line":108,"loc":{"start":{"line":108,"column":2},"end":{"line":110,"column":24}},"locations":[{"start":{"line":108,"column":2},"end":{"line":110,"column":24}}]},"22":{"type":"branch","line":110,"loc":{"start":{"line":110,"column":24},"end":{"line":135,"column":3}},"locations":[{"start":{"line":110,"column":24},"end":{"line":135,"column":3}}]},"23":{"type":"branch","line":114,"loc":{"start":{"line":114,"column":16},"end":{"line":114,"column":80}},"locations":[{"start":{"line":114,"column":16},"end":{"line":114,"column":80}}]},"24":{"type":"branch","line":114,"loc":{"start":{"line":114,"column":78},"end":{"line":116,"column":13}},"locations":[{"start":{"line":114,"column":78},"end":{"line":116,"column":13}}]},"25":{"type":"branch","line":116,"loc":{"start":{"line":116,"column":6},"end":{"line":116,"column":62}},"locations":[{"start":{"line":116,"column":6},"end":{"line":116,"column":62}}]},"26":{"type":"branch","line":116,"loc":{"start":{"line":116,"column":60},"end":{"line":117,"column":22}},"locations":[{"start":{"line":116,"column":60},"end":{"line":117,"column":22}}]},"27":{"type":"branch","line":117,"loc":{"start":{"line":117,"column":15},"end":{"line":117,"column":78}},"locations":[{"start":{"line":117,"column":15},"end":{"line":117,"column":78}}]},"28":{"type":"branch","line":117,"loc":{"start":{"line":117,"column":76},"end":{"line":119,"column":13}},"locations":[{"start":{"line":117,"column":76},"end":{"line":119,"column":13}}]},"29":{"type":"branch","line":119,"loc":{"start":{"line":119,"column":6},"end":{"line":119,"column":71}},"locations":[{"start":{"line":119,"column":6},"end":{"line":119,"column":71}}]},"30":{"type":"branch","line":119,"loc":{"start":{"line":119,"column":69},"end":{"line":121,"column":13}},"locations":[{"start":{"line":119,"column":69},"end":{"line":121,"column":13}}]},"31":{"type":"branch","line":121,"loc":{"start":{"line":121,"column":6},"end":{"line":121,"column":64}},"locations":[{"start":{"line":121,"column":6},"end":{"line":121,"column":64}}]},"32":{"type":"branch","line":121,"loc":{"start":{"line":121,"column":62},"end":{"line":123,"column":13}},"locations":[{"start":{"line":121,"column":62},"end":{"line":123,"column":13}}]},"33":{"type":"branch","line":123,"loc":{"start":{"line":123,"column":6},"end":{"line":123,"column":71}},"locations":[{"start":{"line":123,"column":6},"end":{"line":123,"column":71}}]},"34":{"type":"branch","line":123,"loc":{"start":{"line":123,"column":69},"end":{"line":135,"column":3}},"locations":[{"start":{"line":123,"column":69},"end":{"line":135,"column":3}}]},"35":{"type":"branch","line":135,"loc":{"start":{"line":135,"column":2},"end":{"line":138,"column":1}},"locations":[{"start":{"line":135,"column":2},"end":{"line":138,"column":1}}]},"36":{"type":"branch","line":144,"loc":{"start":{"line":144,"column":0},"end":{"line":164,"column":1}},"locations":[{"start":{"line":144,"column":0},"end":{"line":164,"column":1}}]},"37":{"type":"branch","line":148,"loc":{"start":{"line":148,"column":46},"end":{"line":162,"column":3}},"locations":[{"start":{"line":148,"column":46},"end":{"line":162,"column":3}}]},"38":{"type":"branch","line":157,"loc":{"start":{"line":157,"column":19},"end":{"line":159,"column":11}},"locations":[{"start":{"line":157,"column":19},"end":{"line":159,"column":11}}]},"39":{"type":"branch","line":159,"loc":{"start":{"line":159,"column":4},"end":{"line":161,"column":5}},"locations":[{"start":{"line":159,"column":4},"end":{"line":161,"column":5}}]},"40":{"type":"branch","line":154,"loc":{"start":{"line":154,"column":11},"end":{"line":154,"column":26}},"locations":[{"start":{"line":154,"column":11},"end":{"line":154,"column":26}}]},"41":{"type":"branch","line":155,"loc":{"start":{"line":155,"column":14},"end":{"line":155,"column":33}},"locations":[{"start":{"line":155,"column":14},"end":{"line":155,"column":33}}]},"42":{"type":"branch","line":166,"loc":{"start":{"line":166,"column":7},"end":{"line":171,"column":1}},"locations":[{"start":{"line":166,"column":7},"end":{"line":171,"column":1}}]},"43":{"type":"branch","line":169,"loc":{"start":{"line":169,"column":12},"end":{"line":169,"column":66}},"locations":[{"start":{"line":169,"column":12},"end":{"line":169,"column":66}}]},"44":{"type":"branch","line":170,"loc":{"start":{"line":170,"column":9},"end":{"line":170,"column":23}},"locations":[{"start":{"line":170,"column":9},"end":{"line":170,"column":23}}]},"45":{"type":"branch","line":173,"loc":{"start":{"line":173,"column":0},"end":{"line":185,"column":1}},"locations":[{"start":{"line":173,"column":0},"end":{"line":185,"column":1}}]},"46":{"type":"branch","line":176,"loc":{"start":{"line":176,"column":46},"end":{"line":178,"column":3}},"locations":[{"start":{"line":176,"column":46},"end":{"line":178,"column":3}}]},"47":{"type":"branch","line":178,"loc":{"start":{"line":178,"column":2},"end":{"line":180,"column":35}},"locations":[{"start":{"line":178,"column":2},"end":{"line":180,"column":35}}]},"48":{"type":"branch","line":180,"loc":{"start":{"line":180,"column":28},"end":{"line":180,"column":40}},"locations":[{"start":{"line":180,"column":28},"end":{"line":180,"column":40}}]},"49":{"type":"branch","line":180,"loc":{"start":{"line":180,"column":35},"end":{"line":185,"column":1}},"locations":[{"start":{"line":180,"column":35},"end":{"line":185,"column":1}}]},"50":{"type":"branch","line":187,"loc":{"start":{"line":187,"column":7},"end":{"line":236,"column":1}},"locations":[{"start":{"line":187,"column":7},"end":{"line":236,"column":1}}]},"51":{"type":"branch","line":195,"loc":{"start":{"line":195,"column":13},"end":{"line":204,"column":9}},"locations":[{"start":{"line":195,"column":13},"end":{"line":204,"column":9}}]},"52":{"type":"branch","line":197,"loc":{"start":{"line":197,"column":66},"end":{"line":203,"column":5}},"locations":[{"start":{"line":197,"column":66},"end":{"line":203,"column":5}}]},"53":{"type":"branch","line":198,"loc":{"start":{"line":198,"column":21},"end":{"line":200,"column":13}},"locations":[{"start":{"line":198,"column":21},"end":{"line":200,"column":13}}]},"54":{"type":"branch","line":200,"loc":{"start":{"line":200,"column":6},"end":{"line":202,"column":7}},"locations":[{"start":{"line":200,"column":6},"end":{"line":202,"column":7}}]},"55":{"type":"branch","line":204,"loc":{"start":{"line":204,"column":2},"end":{"line":230,"column":3}},"locations":[{"start":{"line":204,"column":2},"end":{"line":230,"column":3}}]},"56":{"type":"branch","line":209,"loc":{"start":{"line":209,"column":19},"end":{"line":227,"column":11}},"locations":[{"start":{"line":209,"column":19},"end":{"line":227,"column":11}}]},"57":{"type":"branch","line":227,"loc":{"start":{"line":227,"column":4},"end":{"line":229,"column":5}},"locations":[{"start":{"line":227,"column":4},"end":{"line":229,"column":5}}]},"58":{"type":"branch","line":233,"loc":{"start":{"line":233,"column":32},"end":{"line":233,"column":44}},"locations":[{"start":{"line":233,"column":32},"end":{"line":233,"column":44}}]},"59":{"type":"branch","line":240,"loc":{"start":{"line":240,"column":0},"end":{"line":256,"column":1}},"locations":[{"start":{"line":240,"column":0},"end":{"line":256,"column":1}}]},"60":{"type":"branch","line":246,"loc":{"start":{"line":246,"column":31},"end":{"line":248,"column":9}},"locations":[{"start":{"line":246,"column":31},"end":{"line":248,"column":9}}]},"61":{"type":"branch","line":248,"loc":{"start":{"line":248,"column":2},"end":{"line":252,"column":3}},"locations":[{"start":{"line":248,"column":2},"end":{"line":252,"column":3}}]},"62":{"type":"branch","line":258,"loc":{"start":{"line":258,"column":7},"end":{"line":266,"column":1}},"locations":[{"start":{"line":258,"column":7},"end":{"line":266,"column":1}}]},"63":{"type":"branch","line":262,"loc":{"start":{"line":262,"column":27},"end":{"line":262,"column":40}},"locations":[{"start":{"line":262,"column":27},"end":{"line":262,"column":40}}]},"64":{"type":"branch","line":262,"loc":{"start":{"line":262,"column":34},"end":{"line":266,"column":1}},"locations":[{"start":{"line":262,"column":34},"end":{"line":266,"column":1}}]},"65":{"type":"branch","line":272,"loc":{"start":{"line":272,"column":0},"end":{"line":303,"column":1}},"locations":[{"start":{"line":272,"column":0},"end":{"line":303,"column":1}}]},"66":{"type":"branch","line":273,"loc":{"start":{"line":273,"column":20},"end":{"line":273,"column":71}},"locations":[{"start":{"line":273,"column":20},"end":{"line":273,"column":71}}]},"67":{"type":"branch","line":275,"loc":{"start":{"line":275,"column":2},"end":{"line":303,"column":1}},"locations":[{"start":{"line":275,"column":2},"end":{"line":303,"column":1}}]},"68":{"type":"branch","line":310,"loc":{"start":{"line":310,"column":7},"end":{"line":312,"column":1}},"locations":[{"start":{"line":310,"column":7},"end":{"line":312,"column":1}}]},"69":{"type":"branch","line":311,"loc":{"start":{"line":311,"column":32},"end":{"line":311,"column":63}},"locations":[{"start":{"line":311,"column":32},"end":{"line":311,"column":63}}]},"70":{"type":"branch","line":316,"loc":{"start":{"line":316,"column":7},"end":{"line":335,"column":1}},"locations":[{"start":{"line":316,"column":7},"end":{"line":335,"column":1}}]},"71":{"type":"branch","line":320,"loc":{"start":{"line":320,"column":30},"end":{"line":332,"column":3}},"locations":[{"start":{"line":320,"column":30},"end":{"line":332,"column":3}}]},"72":{"type":"branch","line":322,"loc":{"start":{"line":322,"column":34},"end":{"line":322,"column":41}},"locations":[{"start":{"line":322,"column":34},"end":{"line":322,"column":41}}]},"73":{"type":"branch","line":325,"loc":{"start":{"line":325,"column":21},"end":{"line":327,"column":11}},"locations":[{"start":{"line":325,"column":21},"end":{"line":327,"column":11}}]},"74":{"type":"branch","line":327,"loc":{"start":{"line":327,"column":4},"end":{"line":331,"column":5}},"locations":[{"start":{"line":327,"column":4},"end":{"line":331,"column":5}}]}},"b":{"0":[3],"1":[2],"2":[1],"3":[11],"4":[141],"5":[283],"6":[306],"7":[3],"8":[303],"9":[1167],"10":[0],"11":[303],"12":[3],"13":[300],"14":[1],"15":[299],"16":[2],"17":[297],"18":[160],"19":[3],"20":[157],"21":[137],"22":[135],"23":[1],"24":[134],"25":[1],"26":[133],"27":[1],"28":[132],"29":[1],"30":[131],"31":[2],"32":[129],"33":[2],"34":[127],"35":[2],"36":[140],"37":[306],"38":[284],"39":[22],"40":[1480],"41":[1480],"42":[13],"43":[14],"44":[6],"45":[136],"46":[4],"47":[132],"48":[9],"49":[123],"50":[136],"51":[127],"52":[292],"53":[278],"54":[14],"55":[9],"56":[1],"57":[8],"58":[280],"59":[537],"60":[288],"61":[249],"62":[209],"63":[1],"64":[208],"65":[3],"66":[0],"67":[0],"68":[8],"69":[6],"70":[6],"71":[11],"72":[6],"73":[6],"74":[5]},"fnMap":{"0":{"name":"createRef","decl":{"start":{"line":7,"column":7},"end":{"line":12,"column":1}},"loc":{"start":{"line":7,"column":7},"end":{"line":12,"column":1}},"line":7},"1":{"name":"isRef","decl":{"start":{"line":14,"column":7},"end":{"line":16,"column":1}},"loc":{"start":{"line":14,"column":7},"end":{"line":16,"column":1}},"line":14},"2":{"name":"extractPills","decl":{"start":{"line":62,"column":7},"end":{"line":73,"column":1}},"loc":{"start":{"line":62,"column":7},"end":{"line":73,"column":1}},"line":62},"3":{"name":"parseBlockBody","decl":{"start":{"line":79,"column":0},"end":{"line":138,"column":1}},"loc":{"start":{"line":79,"column":0},"end":{"line":138,"column":1}},"line":79},"4":{"name":"extractBlocksWithBroken","decl":{"start":{"line":144,"column":0},"end":{"line":164,"column":1}},"loc":{"start":{"line":144,"column":0},"end":{"line":164,"column":1}},"line":144},"5":{"name":"extractBlocks","decl":{"start":{"line":166,"column":7},"end":{"line":171,"column":1}},"loc":{"start":{"line":166,"column":7},"end":{"line":171,"column":1}},"line":166},"6":{"name":"splitProseAndTrailing","decl":{"start":{"line":173,"column":0},"end":{"line":185,"column":1}},"loc":{"start":{"line":173,"column":0},"end":{"line":185,"column":1}},"line":173},"7":{"name":"parseField","decl":{"start":{"line":187,"column":7},"end":{"line":236,"column":1}},"loc":{"start":{"line":187,"column":7},"end":{"line":236,"column":1}},"line":187},"8":{"name":"serializeBlock","decl":{"start":{"line":240,"column":0},"end":{"line":256,"column":1}},"loc":{"start":{"line":240,"column":0},"end":{"line":256,"column":1}},"line":240},"9":{"name":"serializeField","decl":{"start":{"line":258,"column":7},"end":{"line":266,"column":1}},"loc":{"start":{"line":258,"column":7},"end":{"line":266,"column":1}},"line":258},"10":{"name":"parseFieldAsync","decl":{"start":{"line":272,"column":0},"end":{"line":303,"column":1}},"loc":{"start":{"line":272,"column":0},"end":{"line":303,"column":1}},"line":272},"11":{"name":"hasAttachmentSyntax","decl":{"start":{"line":310,"column":7},"end":{"line":312,"column":1}},"loc":{"start":{"line":310,"column":7},"end":{"line":312,"column":1}},"line":310},"12":{"name":"disambiguateRefs","decl":{"start":{"line":316,"column":7},"end":{"line":335,"column":1}},"loc":{"start":{"line":316,"column":7},"end":{"line":335,"column":1}},"line":316}},"f":{"0":3,"1":11,"2":141,"3":306,"4":140,"5":13,"6":136,"7":136,"8":537,"9":209,"10":3,"11":8,"12":6}}
}
